Moderator/app/build/intermediates/manifest_merge_blame_file/debug/manifest-merger-blame-debug-report.txt
1<?xml version="1.0" encoding="utf-8"?>
2<manifest xmlns:android="http://schemas.android.com/apk/res/android"
3    package="com.example.moderator"
4    android:versionCode="1"
5    android:versionName="1.0" >
6
7    <uses-sdk
8        android:minSdkVersion="23"
8-->src\main\AndroidManifest.xml
9        android:targetSdkVersion="30" />
9-->src\main\AndroidManifest.xml
10
11    <!-- Although the *SdkVersion is captured in gradle build files, this is required for non gradle builds -->
12    <!-- <uses-sdk android:minSdkVersion="14" /> -->
13    <uses-permission android:name="android.permission.ACCESS_NETWORK_STATE" />
13-->[com.google.firebase:firebase-firestore:22.0.2] AndroidManifest.xml:13:5-79
13-->[com.google.firebase:firebase-firestore:22.0.2] AndroidManifest.xml:13:22-76
14    <uses-permission android:name="android.permission.INTERNET" />
14-->[com.google.firebase:firebase-firestore:22.0.2] AndroidManifest.xml:14:5-67
14-->[com.google.firebase:firebase-firestore:22.0.2] AndroidManifest.xml:14:22-64
15    <uses-permission android:name="android.permission.WAKE_LOCK" />
15-->[com.google.android.gms:play-services-measurement-api:18.0.2] AndroidManifest.xml:24:5-68
15-->[com.google.android.gms:play-services-measurement-api:18.0.2] AndroidManifest.xml:24:22-65
16
17    <uses-feature
17-->[com.google.android.gms:play-services-maps:17.0.0] AndroidManifest.xml:26:5-28:35
18        android:glEsVersion="0x00020000"
18-->[com.google.android.gms:play-services-maps:17.0.0] AndroidManifest.xml:27:9-41
19        android:required="true" />
19-->[com.google.android.gms:play-services-maps:17.0.0] AndroidManifest.xml:28:9-32
20
21    <uses-permission android:name="com.google.android.finsky.permission.BIND_GET_INSTALL_REFERRER_SERVICE" />
21-->[com.google.android.gms:play-services-measurement:18.0.2] AndroidManifest.xml:26:5-110
21-->[com.google.android.gms:play-services-measurement:18.0.2] AndroidManifest.xml:26:22-107
22
23    <application
23-->src\main\AndroidManifest.xml:5:5-21:19
24        android:allowBackup="true"
24-->src\main\AndroidManifest.xml:6:9-35
25        android:appComponentFactory="androidx.core.app.CoreComponentFactory"
25-->[androidx.core:core:1.3.2] AndroidManifest.xml:24:18-86
26        android:debuggable="true"
27        android:extractNativeLibs="false"
28        android:icon="@mipmap/ic_launcher"
28-->src\main\AndroidManifest.xml:7:9-43
29        android:label="@string/app_name"
29-->src\main\AndroidManifest.xml:8:9-41
30        android:roundIcon="@mipmap/ic_launcher_round"
30-->src\main\AndroidManifest.xml:9:9-54
31        android:supportsRtl="true"
31-->src\main\AndroidManifest.xml:10:9-35
32        android:testOnly="true"
33        android:theme="@style/Theme.Moderator" >
33-->src\main\AndroidManifest.xml:11:9-47
34        <activity android:name="com.example.moderator.Login" />
34-->src\main\AndroidManifest.xml:12:9-52
34-->src\main\AndroidManifest.xml:12:19-40
35        <activity android:name="com.example.moderator.StartScreen" />
35-->src\main\AndroidManifest.xml:13:9-49
35-->src\main\AndroidManifest.xml:13:19-46
36        <activity android:name="com.example.moderator.SplashScreen" >
36-->src\main\AndroidManifest.xml:14:9-20:20
36-->src\main\AndroidManifest.xml:14:19-47
37            <intent-filter>
37-->src\main\AndroidManifest.xml:15:13-19:29
38                <action android:name="android.intent.action.MAIN" />
38-->src\main\AndroidManifest.xml:16:17-69
38-->src\main\AndroidManifest.xml:16:25-66
39
40                <category android:name="android.intent.category.LAUNCHER" />
40-->src\main\AndroidManifest.xml:18:17-77
40-->src\main\AndroidManifest.xml:18:27-74
41            </intent-filter>
42        </activity>
43
44        <service
44-->[com.google.firebase:firebase-firestore:22.0.2] AndroidManifest.xml:17:9-23:19
45            android:name="com.google.firebase.components.ComponentDiscoveryService"
45-->[com.google.firebase:firebase-firestore:22.0.2] AndroidManifest.xml:18:13-84
46            android:directBootAware="true"
46-->[com.google.firebase:firebase-common:19.5.0] AndroidManifest.xml:35:13-43
47            android:exported="false" >
47-->[com.google.firebase:firebase-firestore:22.0.2] AndroidManifest.xml:19:13-37
48            <meta-data
48-->[com.google.firebase:firebase-firestore:22.0.2] AndroidManifest.xml:20:13-22:85
49                android:name="com.google.firebase.components:com.google.firebase.firestore.FirestoreRegistrar"
49-->[com.google.firebase:firebase-firestore:22.0.2] AndroidManifest.xml:21:17-111
50                android:value="com.google.firebase.components.ComponentRegistrar" />
50-->[com.google.firebase:firebase-firestore:22.0.2] AndroidManifest.xml:22:17-82
51            <meta-data
51-->[com.google.android.gms:play-services-measurement-api:18.0.2] AndroidManifest.xml:30:13-32:85
52                android:name="com.google.firebase.components:com.google.firebase.analytics.connector.internal.AnalyticsConnectorRegistrar"
52-->[com.google.android.gms:play-services-measurement-api:18.0.2] AndroidManifest.xml:31:17-139
53                android:value="com.google.firebase.components.ComponentRegistrar" />
53-->[com.google.android.gms:play-services-measurement-api:18.0.2] AndroidManifest.xml:32:17-82
54            <meta-data
54-->[com.google.firebase:firebase-installations:16.3.5] AndroidManifest.xml:18:13-20:85
55                android:name="com.google.firebase.components:com.google.firebase.installations.FirebaseInstallationsRegistrar"
55-->[com.google.firebase:firebase-installations:16.3.5] AndroidManifest.xml:19:17-127
56                android:value="com.google.firebase.components.ComponentRegistrar" />
56-->[com.google.firebase:firebase-installations:16.3.5] AndroidManifest.xml:20:17-82
57            <!--
58                This registrar is not defined in the dynamic-module-support sdk itself to allow non-firebase
59                clients to use it as well, by defining this registrar in their own core/common library.
60            -->
61            <meta-data
61-->[com.google.firebase:firebase-common:19.5.0] AndroidManifest.xml:43:13-45:85
62                android:name="com.google.firebase.components:com.google.firebase.dynamicloading.DynamicLoadingRegistrar"
62-->[com.google.firebase:firebase-common:19.5.0] AndroidManifest.xml:44:17-121
63                android:value="com.google.firebase.components.ComponentRegistrar" />
63-->[com.google.firebase:firebase-common:19.5.0] AndroidManifest.xml:45:17-82
64        </service>
65
66        <provider
66-->[com.google.firebase:firebase-common:19.5.0] AndroidManifest.xml:26:9-31:39
67            android:name="com.google.firebase.provider.FirebaseInitProvider"
67-->[com.google.firebase:firebase-common:19.5.0] AndroidManifest.xml:27:13-77
68            android:authorities="com.example.moderator.firebaseinitprovider"
68-->[com.google.firebase:firebase-common:19.5.0] AndroidManifest.xml:28:13-72
69            android:directBootAware="true"
69-->[com.google.firebase:firebase-common:19.5.0] AndroidManifest.xml:29:13-43
70            android:exported="false"
70-->[com.google.firebase:firebase-common:19.5.0] AndroidManifest.xml:30:13-37
71            android:initOrder="100" /> <!-- Needs to be explicitly declared on P+ -->
71-->[com.google.firebase:firebase-common:19.5.0] AndroidManifest.xml:31:13-36
72        <uses-library
72-->[com.google.android.gms:play-services-maps:17.0.0] AndroidManifest.xml:33:9-35:40
73            android:name="org.apache.http.legacy"
73-->[com.google.android.gms:play-services-maps:17.0.0] AndroidManifest.xml:34:13-50
74            android:required="false" />
74-->[com.google.android.gms:play-services-maps:17.0.0] AndroidManifest.xml:35:13-37
75
76        <activity
76-->[com.google.android.gms:play-services-base:17.0.0] AndroidManifest.xml:23:9-26:75
77            android:name="com.google.android.gms.common.api.GoogleApiActivity"
77-->[com.google.android.gms:play-services-base:17.0.0] AndroidManifest.xml:24:13-79
78            android:exported="false"
78-->[com.google.android.gms:play-services-base:17.0.0] AndroidManifest.xml:25:13-37
79            android:theme="@android:style/Theme.Translucent.NoTitleBar" />
79-->[com.google.android.gms:play-services-base:17.0.0] AndroidManifest.xml:26:13-72
80
81        <receiver
81-->[com.google.android.gms:play-services-measurement:18.0.2] AndroidManifest.xml:29:9-33:20
82            android:name="com.google.android.gms.measurement.AppMeasurementReceiver"
82-->[com.google.android.gms:play-services-measurement:18.0.2] AndroidManifest.xml:30:13-85
83            android:enabled="true"
83-->[com.google.android.gms:play-services-measurement:18.0.2] AndroidManifest.xml:31:13-35
84            android:exported="false" >
84-->[com.google.android.gms:play-services-measurement:18.0.2] AndroidManifest.xml:32:13-37
85        </receiver>
86
87        <service
87-->[com.google.android.gms:play-services-measurement:18.0.2] AndroidManifest.xml:35:9-38:40
88            android:name="com.google.android.gms.measurement.AppMeasurementService"
88-->[com.google.android.gms:play-services-measurement:18.0.2] AndroidManifest.xml:36:13-84
89            android:enabled="true"
89-->[com.google.android.gms:play-services-measurement:18.0.2] AndroidManifest.xml:37:13-35
90            android:exported="false" />
90-->[com.google.android.gms:play-services-measurement:18.0.2] AndroidManifest.xml:38:13-37
91        <service
91-->[com.google.android.gms:play-services-measurement:18.0.2] AndroidManifest.xml:39:9-43:72
92            android:name="com.google.android.gms.measurement.AppMeasurementJobService"
92-->[com.google.android.gms:play-services-measurement:18.0.2] AndroidManifest.xml:40:13-87
93            android:enabled="true"
93-->[com.google.android.gms:play-services-measurement:18.0.2] AndroidManifest.xml:41:13-35
94            android:exported="false"
94-->[com.google.android.gms:play-services-measurement:18.0.2] AndroidManifest.xml:42:13-37
95            android:permission="android.permission.BIND_JOB_SERVICE" />
95-->[com.google.android.gms:play-services-measurement:18.0.2] AndroidManifest.xml:43:13-69
96
97        <meta-data
97-->[com.google.android.gms:play-services-basement:17.0.0] AndroidManifest.xml:23:9-25:69
98            android:name="com.google.android.gms.version"
98-->[com.google.android.gms:play-services-basement:17.0.0] AndroidManifest.xml:24:13-58
99            android:value="@integer/google_play_services_version" />
99-->[com.google.android.gms:play-services-basement:17.0.0] AndroidManifest.xml:25:13-66
100    </application>
101
102</manifest>